Using pre-set license
Built from '2022.3/staging' branch; Version is '2022.3.9f1 (ea401c316338) revision 15351836'; Using compiler version '192829333'; Build Type 'Release'
OS: 'Windows 11  (10.0.22621) 64bit CoreSingleLanguage' Language: 'ru' Physical Memory: 7834 MB
BatchMode: 1, IsHumanControllingUs: 0, StartBugReporterOnCrash: 0, Is64bit: 1, IsPro: 1

COMMAND LINE ARGUMENTS:
C:\Unity\Editor\2022.3.9f1\Editor\Unity.exe
-adb2
-batchMode
-noUpm
-name
AssetImportWorker0
-projectPath
C:/Users/Bekarys/Documents/GitHub/ParallelUniverse/Parallel Universe
-logFile
Logs/AssetImportWorker0.log
-srvPort
52587
Successfully changed project path to: C:/Users/Bekarys/Documents/GitHub/ParallelUniverse/Parallel Universe
C:/Users/Bekarys/Documents/GitHub/ParallelUniverse/Parallel Universe
[UnityMemory] Configuration Parameters - Can be set up in boot.config
    "memorysetup-bucket-allocator-granularity=16"
    "memorysetup-bucket-allocator-bucket-count=8"
    "memorysetup-bucket-allocator-block-size=33554432"
    "memorysetup-bucket-allocator-block-count=8"
    "memorysetup-main-allocator-block-size=16777216"
    "memorysetup-thread-allocator-block-size=16777216"
    "memorysetup-gfx-main-allocator-block-size=16777216"
    "memorysetup-gfx-thread-allocator-block-size=16777216"
    "memorysetup-cache-allocator-block-size=4194304"
    "memorysetup-typetree-allocator-block-size=2097152"
    "memorysetup-profiler-bucket-allocator-granularity=16"
    "memorysetup-profiler-bucket-allocator-bucket-count=8"
    "memorysetup-profiler-bucket-allocator-block-size=33554432"
    "memorysetup-profiler-bucket-allocator-block-count=8"
    "memorysetup-profiler-allocator-block-size=16777216"
    "memorysetup-profiler-editor-allocator-block-size=1048576"
    "memorysetup-temp-allocator-size-main=16777216"
    "memorysetup-job-temp-allocator-block-size=2097152"
    "memorysetup-job-temp-allocator-block-size-background=1048576"
    "memorysetup-job-temp-allocator-reduction-small-platforms=262144"
    "memorysetup-allocator-temp-initial-block-size-main=262144"
    "memorysetup-allocator-temp-initial-block-size-worker=262144"
    "memorysetup-temp-allocator-size-background-worker=32768"
    "memorysetup-temp-allocator-size-job-worker=262144"
    "memorysetup-temp-allocator-size-preload-manager=33554432"
    "memorysetup-temp-allocator-size-nav-mesh-worker=65536"
    "memorysetup-temp-allocator-size-audio-worker=65536"
    "memorysetup-temp-allocator-size-cloud-worker=32768"
    "memorysetup-temp-allocator-size-gi-baking-worker=262144"
    "memorysetup-temp-allocator-size-gfx=262144"
Player connection [9972] Host "[IP] 26.155.10.137 [Port] 0 [Flags] 2 [Guid] 736164101 [EditorId] 736164101 [Version] 1048832 [Id] WindowsEditor(7,HP-Bekarys) [Debug] 1 [PackageName] WindowsEditor [ProjectName] Editor" joined multi-casting on [225.0.0.222:54997]...

Player connection [9972] Host "[IP] 26.155.10.137 [Port] 0 [Flags] 2 [Guid] 736164101 [EditorId] 736164101 [Version] 1048832 [Id] WindowsEditor(7,HP-Bekarys) [Debug] 1 [PackageName] WindowsEditor [ProjectName] Editor" joined alternative multi-casting on [225.0.0.222:34997]...

[Physics::Module] Initialized MultithreadedJobDispatcher with 7 workers.
Refreshing native plugins compatible for Editor in 13.91 ms, found 4 plugins.
Preloading 0 native plugins for Editor in 0.00 ms.
Initialize engine version: 2022.3.9f1 (ea401c316338)
[Subsystems] Discovering subsystems at path C:/Unity/Editor/2022.3.9f1/Editor/Data/Resources/UnitySubsystems
[Subsystems] Discovering subsystems at path C:/Users/Bekarys/Documents/GitHub/ParallelUniverse/Parallel Universe/Assets
GfxDevice: creating device client; threaded=0; jobified=0
Direct3D:
    Version:  Direct3D 11.0 [level 11.1]
    Renderer: Intel(R) Iris(R) Xe Graphics (ID=0x9a49)
    Vendor:   Intel
    VRAM:     3917 MB
    Driver:   31.0.101.5333
Initialize mono
Mono path[0] = 'C:/Unity/Editor/2022.3.9f1/Editor/Data/Managed'
Mono path[1] = 'C:/Unity/Editor/2022.3.9f1/Editor/Data/MonoBleedingEdge/lib/mono/unityjit-win32'
Mono config path = 'C:/Unity/Editor/2022.3.9f1/Editor/Data/MonoBleedingEdge/etc'
Using monoOptions --debugger-agent=transport=dt_socket,embedding=1,server=y,suspend=n,address=127.0.0.1:56536
Begin MonoManager ReloadAssembly
Registering precompiled unity dll's ...
Register platform support module: C:/Unity/Editor/2022.3.9f1/Editor/Data/PlaybackEngines/WebGLSupport/UnityEditor.WebGL.Extensions.dll
Register platform support module: C:/Unity/Editor/2022.3.9f1/Editor/Data/PlaybackEngines/WindowsStandaloneSupport/UnityEditor.WindowsStandalone.Extensions.dll
Registered in 0.007736 seconds.
- Loaded All Assemblies, in  0.426 seconds
Native extension for WindowsStandalone target not found
Native extension for WebGL target not found
Mono: successfully reloaded assembly
- Finished resetting the current domain, in  0.261 seconds
Domain Reload Profiling: 686ms
	BeginReloadAssembly (124ms)
		ExecutionOrderSort (0ms)
		DisableScriptedObjects (0ms)
		BackupInstance (0ms)
		ReleaseScriptingObjects (0ms)
		CreateAndSetChildDomain (1ms)
	RebuildCommonClasses (47ms)
	RebuildNativeTypeToScriptingClass (29ms)
	initialDomainReloadingComplete (65ms)
	LoadAllAssembliesAndSetupDomain (160ms)
		LoadAssemblies (122ms)
		RebuildTransferFunctionScriptingTraits (0ms)
		AnalyzeDomain (158ms)
			TypeCache.Refresh (156ms)
				TypeCache.ScanAssembly (142ms)
			ScanForSourceGeneratedMonoScriptInfo (0ms)
			ResolveRequiredComponents (1ms)
	FinalizeReload (261ms)
		ReleaseScriptCaches (0ms)
		RebuildScriptCaches (0ms)
		SetupLoadedEditorAssemblies (204ms)
			LogAssemblyErrors (0ms)
			InitializePlatformSupportModulesInManaged (9ms)
			SetLoadedEditorAssemblies (5ms)
			RefreshPlugins (0ms)
			BeforeProcessingInitializeOnLoad (2ms)
			ProcessInitializeOnLoadAttributes (142ms)
			ProcessInitializeOnLoadMethodAttributes (46ms)
			AfterProcessingInitializeOnLoad (0ms)
			EditorAssembliesLoaded (0ms)
		ExecutionOrderSort2 (0ms)
		AwakeInstancesAfterBackupRestoration (0ms)
========================================================================
Worker process is ready to serve import requests
Begin MonoManager ReloadAssembly
- Loaded All Assemblies, in  0.902 seconds
Refreshing native plugins compatible for Editor in 3.96 ms, found 4 plugins.
Native extension for WindowsStandalone target not found
Native extension for WebGL target not found
Package Manager log level set to [2]
[Package Manager] Server::EnsureServerProcessIsRunning -- launch failed, reason: Unity was launched with the -noUpm command-line argument
[Package Manager] UpmClient::Send -- Unable to send message (not connected to UPM process).
[Package Manager] Cannot connect to Unity Package Manager local server
Mono: successfully reloaded assembly
- Finished resetting the current domain, in  0.846 seconds
Domain Reload Profiling: 1745ms
	BeginReloadAssembly (219ms)
		ExecutionOrderSort (0ms)
		DisableScriptedObjects (9ms)
		BackupInstance (0ms)
		ReleaseScriptingObjects (0ms)
		CreateAndSetChildDomain (33ms)
	RebuildCommonClasses (46ms)
	RebuildNativeTypeToScriptingClass (13ms)
	initialDomainReloadingComplete (51ms)
	LoadAllAssembliesAndSetupDomain (570ms)
		LoadAssemblies (449ms)
		RebuildTransferFunctionScriptingTraits (0ms)
		AnalyzeDomain (244ms)
			TypeCache.Refresh (209ms)
				TypeCache.ScanAssembly (189ms)
			ScanForSourceGeneratedMonoScriptInfo (26ms)
			ResolveRequiredComponents (7ms)
	FinalizeReload (846ms)
		ReleaseScriptCaches (0ms)
		RebuildScriptCaches (0ms)
		SetupLoadedEditorAssemblies (609ms)
			LogAssemblyErrors (0ms)
			InitializePlatformSupportModulesInManaged (11ms)
			SetLoadedEditorAssemblies (5ms)
			RefreshPlugins (0ms)
			BeforeProcessingInitializeOnLoad (87ms)
			ProcessInitializeOnLoadAttributes (452ms)
			ProcessInitializeOnLoadMethodAttributes (47ms)
			AfterProcessingInitializeOnLoad (7ms)
			EditorAssembliesLoaded (0ms)
		ExecutionOrderSort2 (0ms)
		AwakeInstancesAfterBackupRestoration (8ms)
Launched and connected shader compiler UnityShaderCompiler.exe after 0.06 seconds
Refreshing native plugins compatible for Editor in 4.22 ms, found 4 plugins.
Preloading 0 native plugins for Editor in 0.00 ms.
Unloading 4006 Unused Serialized files (Serialized files now loaded: 0)
Unloading 69 unused Assets / (244.6 KB). Loaded Objects now: 4462.
Memory consumption went from 136.8 MB to 136.5 MB.
Total: 4.033400 ms (FindLiveObjects: 0.386300 ms CreateObjectMapping: 0.180600 ms MarkObjects: 3.163300 ms  DeleteObjects: 0.301300 ms)

AssetImportParameters requested are different than current active one (requested -> active):
  custom:container-demuxer-ogg: 62fdf1f143b41e24485cea50d1cbac27 -> 
  custom:video-decoder-ogg-theora: a1e56fd34408186e4bbccfd4996cb3dc -> 
  custom:framework-win-MediaFoundation: 216162199b28c13a410421893ffa2e32 -> 
  custom:CustomObjectIndexerAttribute: 756ad292c208cfabdd7b50bc23989ffe -> 
  custom:container-demuxer-webm: 4f35f7cbe854078d1ac9338744f61a02 -> 
  custom:container-muxer-webm: aa71ff27fc2769a1b78a27578f13a17b -> 
  custom:video-decoder-webm-vp8: 9c59270c3fd7afecdb556c50c9e8de78 -> 
  custom:SearchIndexIgnoredProperties: e643bd26f0fe6173181afceb89e7c659 -> 
  custom:AudioImporter_EditorPlatform: d09bf68614088b80899f8185d706f6e7 -> 
  custom:video-encoder-webm-vp8: eb34c28f22e8b96e1ab97ce403110664 -> 
  custom:audio-decoder-ogg-vorbis: bf7c407c2cedff20999df2af8eb42d56 -> 
  custom:audio-encoder-webm-vorbis: bf7c407c2cedff20999df2af8eb42d56 -> 
========================================================================
Received Import Request.
  Time since last request: 46539.616316 seconds.
  path: Assets/Animation/Commander
  artifactKey: Guid(19be6733b59f86d4e93297e78a7f1593) Importer(815301076,1909f56bfc062723c751e8b465ee728b)
Start importing Assets/Animation/Commander using Guid(19be6733b59f86d4e93297e78a7f1593) Importer(815301076,1909f56bfc062723c751e8b465ee728b)  -> (artifact id: '63c47e103725565cf7b0b1bc94a60c1b') in 0.005430 seconds
Number of updated asset objects reloaded before import = 0
Number of asset objects unloaded after import = 0
========================================================================
Received Import Request.
  Time since last request: 1.739294 seconds.
  path: Assets/Animation
  artifactKey: Guid(3ed7febf8a7cecd44826c0d025c98f91) Importer(815301076,1909f56bfc062723c751e8b465ee728b)
Start importing Assets/Animation using Guid(3ed7febf8a7cecd44826c0d025c98f91) Importer(815301076,1909f56bfc062723c751e8b465ee728b)  -> (artifact id: 'b253f7a75871eda3755074ada4bd1d13') in 0.000486 seconds
Number of updated asset objects reloaded before import = 0
Number of asset objects unloaded after import = 0
========================================================================
Received Import Request.
  Time since last request: 4.904340 seconds.
  path: Assets/Animation/Ыфьгкфш
  artifactKey: Guid(b1d9b5abcce947946a07e483d0ce3c95) Importer(815301076,1909f56bfc062723c751e8b465ee728b)
Start importing Assets/Animation/Ыфьгкфш using Guid(b1d9b5abcce947946a07e483d0ce3c95) Importer(815301076,1909f56bfc062723c751e8b465ee728b)  -> (artifact id: 'c63ad7f6da534386fee8a7ae08d5401d') in 0.000564 seconds
Number of updated asset objects reloaded before import = 0
Number of asset objects unloaded after import = 0
========================================================================
Received Import Request.
  Time since last request: 11.958807 seconds.
  path: Assets/Animation/Samurai
  artifactKey: Guid(b1d9b5abcce947946a07e483d0ce3c95) Importer(815301076,1909f56bfc062723c751e8b465ee728b)
Start importing Assets/Animation/Samurai using Guid(b1d9b5abcce947946a07e483d0ce3c95) Importer(815301076,1909f56bfc062723c751e8b465ee728b)  -> (artifact id: '48e7a5cfdc6dc34cef0b1f3d26a15915') in 0.000475 seconds
Number of updated asset objects reloaded before import = 0
Number of asset objects unloaded after import = 0
========================================================================
Received Prepare
Begin MonoManager ReloadAssembly
- Loaded All Assemblies, in  0.461 seconds
Refreshing native plugins compatible for Editor in 4.82 ms, found 4 plugins.
Native extension for WindowsStandalone target not found
Native extension for WebGL target not found
[Package Manager] Server::EnsureServerProcessIsRunning -- launch failed, reason: Unity was launched with the -noUpm command-line argument
[Package Manager] UpmClient::Send -- Unable to send message (not connected to UPM process).
[Package Manager] Cannot connect to Unity Package Manager local server
Mono: successfully reloaded assembly
- Finished resetting the current domain, in  1.208 seconds
Domain Reload Profiling: 1666ms
	BeginReloadAssembly (165ms)
		ExecutionOrderSort (0ms)
		DisableScriptedObjects (16ms)
		BackupInstance (0ms)
		ReleaseScriptingObjects (0ms)
		CreateAndSetChildDomain (37ms)
	RebuildCommonClasses (39ms)
	RebuildNativeTypeToScriptingClass (12ms)
	initialDomainReloadingComplete (27ms)
	LoadAllAssembliesAndSetupDomain (214ms)
		LoadAssemblies (278ms)
		RebuildTransferFunctionScriptingTraits (0ms)
		AnalyzeDomain (17ms)
			TypeCache.Refresh (8ms)
				TypeCache.ScanAssembly (0ms)
			ScanForSourceGeneratedMonoScriptInfo (0ms)
			ResolveRequiredComponents (8ms)
	FinalizeReload (1209ms)
		ReleaseScriptCaches (0ms)
		RebuildScriptCaches (0ms)
		SetupLoadedEditorAssemblies (628ms)
			LogAssemblyErrors (0ms)
			InitializePlatformSupportModulesInManaged (9ms)
			SetLoadedEditorAssemblies (5ms)
			RefreshPlugins (0ms)
			BeforeProcessingInitializeOnLoad (103ms)
			ProcessInitializeOnLoadAttributes (452ms)
			ProcessInitializeOnLoadMethodAttributes (52ms)
			AfterProcessingInitializeOnLoad (7ms)
			EditorAssembliesLoaded (0ms)
		ExecutionOrderSort2 (0ms)
		AwakeInstancesAfterBackupRestoration (23ms)
Refreshing native plugins compatible for Editor in 4.40 ms, found 4 plugins.
Preloading 0 native plugins for Editor in 0.00 ms.
Unloading 4000 Unused Serialized files (Serialized files now loaded: 0)
Unloading 41 unused Assets / (216.8 KB). Loaded Objects now: 4467.
Memory consumption went from 135.2 MB to 135.0 MB.
Total: 4.069500 ms (FindLiveObjects: 0.341500 ms CreateObjectMapping: 0.137400 ms MarkObjects: 3.333600 ms  DeleteObjects: 0.255100 ms)

Prepare: number of updated asset objects reloaded= 0
AssetImportParameters requested are different than current active one (requested -> active):
  custom:container-demuxer-ogg: 62fdf1f143b41e24485cea50d1cbac27 -> 
  custom:video-decoder-ogg-theora: a1e56fd34408186e4bbccfd4996cb3dc -> 
  custom:framework-win-MediaFoundation: 216162199b28c13a410421893ffa2e32 -> 
  custom:CustomObjectIndexerAttribute: 756ad292c208cfabdd7b50bc23989ffe -> 
  custom:container-demuxer-webm: 4f35f7cbe854078d1ac9338744f61a02 -> 
  custom:container-muxer-webm: aa71ff27fc2769a1b78a27578f13a17b -> 
  custom:video-decoder-webm-vp8: 9c59270c3fd7afecdb556c50c9e8de78 -> 
  custom:SearchIndexIgnoredProperties: e643bd26f0fe6173181afceb89e7c659 -> 
  custom:AudioImporter_EditorPlatform: d09bf68614088b80899f8185d706f6e7 -> 
  custom:video-encoder-webm-vp8: eb34c28f22e8b96e1ab97ce403110664 -> 
  custom:audio-decoder-ogg-vorbis: bf7c407c2cedff20999df2af8eb42d56 -> 
  custom:audio-encoder-webm-vorbis: bf7c407c2cedff20999df2af8eb42d56 -> 
========================================================================
Received Import Request.
  Time since last request: 51.898440 seconds.
  path: Assets/Sprites/craftpix-net-605776-free-yokai-pixel-art-character-sprites/Karasu_tengu
  artifactKey: Guid(975e9a74c3c2a8d4cb3d7c542443b761) Importer(815301076,1909f56bfc062723c751e8b465ee728b)
Start importing Assets/Sprites/craftpix-net-605776-free-yokai-pixel-art-character-sprites/Karasu_tengu using Guid(975e9a74c3c2a8d4cb3d7c542443b761) Importer(815301076,1909f56bfc062723c751e8b465ee728b)  -> (artifact id: 'c37a9d37cf554ab42c62381c9dca7345') in 0.002048 seconds
Number of updated asset objects reloaded before import = 0
Number of asset objects unloaded after import = 0
========================================================================
Received Import Request.
  Time since last request: 0.066813 seconds.
  path: Assets/Sprites/craftpix-net-605776-free-yokai-pixel-art-character-sprites/Karasu_tengu/Attack_1.png
  artifactKey: Guid(5c1eb2d3f570929499818120f0eaf30c) Importer(815301076,1909f56bfc062723c751e8b465ee728b)
Start importing Assets/Sprites/craftpix-net-605776-free-yokai-pixel-art-character-sprites/Karasu_tengu/Attack_1.png using Guid(5c1eb2d3f570929499818120f0eaf30c) Importer(815301076,1909f56bfc062723c751e8b465ee728b)  -> (artifact id: '71e411793a26d8e5c04a454e79bf17ad') in 0.132639 seconds
Number of updated asset objects reloaded before import = 0
Number of asset objects unloaded after import = 3
========================================================================
Received Import Request.
  Time since last request: 0.000038 seconds.
  path: Assets/Sprites/craftpix-net-605776-free-yokai-pixel-art-character-sprites/Karasu_tengu/Idle_2.png
  artifactKey: Guid(dbc525cddaeb1b745bc04eb07287525d) Importer(815301076,1909f56bfc062723c751e8b465ee728b)
Start importing Assets/Sprites/craftpix-net-605776-free-yokai-pixel-art-character-sprites/Karasu_tengu/Idle_2.png using Guid(dbc525cddaeb1b745bc04eb07287525d) Importer(815301076,1909f56bfc062723c751e8b465ee728b)  -> (artifact id: 'db2cc8844c0fc0c39568066d4f4b5cbe') in 0.028549 seconds
Number of updated asset objects reloaded before import = 0
Number of asset objects unloaded after import = 3
========================================================================
Received Import Request.
  Time since last request: 0.000025 seconds.
  path: Assets/Sprites/craftpix-net-605776-free-yokai-pixel-art-character-sprites/Karasu_tengu/Run.png
  artifactKey: Guid(1d5ac5aa53541284b9c183c144cd9000) Importer(815301076,1909f56bfc062723c751e8b465ee728b)
Start importing Assets/Sprites/craftpix-net-605776-free-yokai-pixel-art-character-sprites/Karasu_tengu/Run.png using Guid(1d5ac5aa53541284b9c183c144cd9000) Importer(815301076,1909f56bfc062723c751e8b465ee728b)  -> (artifact id: '729ded5f400b2085482c18a14dedcb72') in 0.031495 seconds
Number of updated asset objects reloaded before import = 0
Number of asset objects unloaded after import = 3
========================================================================
Received Import Request.
  Time since last request: 0.000041 seconds.
  path: Assets/Sprites/craftpix-net-605776-free-yokai-pixel-art-character-sprites/Karasu_tengu/Dead.png
  artifactKey: Guid(7f399320ff636cb4b9103afc256e919e) Importer(815301076,1909f56bfc062723c751e8b465ee728b)
Start importing Assets/Sprites/craftpix-net-605776-free-yokai-pixel-art-character-sprites/Karasu_tengu/Dead.png using Guid(7f399320ff636cb4b9103afc256e919e) Importer(815301076,1909f56bfc062723c751e8b465ee728b)  -> (artifact id: '71ba5f61874d6d9811261f325cb4dc4b') in 0.025919 seconds
Number of updated asset objects reloaded before import = 0
Number of asset objects unloaded after import = 3
========================================================================
Received Import Request.
  Time since last request: 0.000077 seconds.
  path: Assets/Sprites/craftpix-net-605776-free-yokai-pixel-art-character-sprites/Karasu_tengu/Walk.png
  artifactKey: Guid(e99f01ab90775264a9b57d7526ec8096) Importer(815301076,1909f56bfc062723c751e8b465ee728b)
Start importing Assets/Sprites/craftpix-net-605776-free-yokai-pixel-art-character-sprites/Karasu_tengu/Walk.png using Guid(e99f01ab90775264a9b57d7526ec8096) Importer(815301076,1909f56bfc062723c751e8b465ee728b)  -> (artifact id: '2dd44d82a2e23df98889ca9cba970448') in 0.028690 seconds
Number of updated asset objects reloaded before import = 0
Number of asset objects unloaded after import = 3
========================================================================
Received Import Request.
  Time since last request: 60.263717 seconds.
  path: Assets/Sprites/craftpix-net-572945-free-samurai-pixel-art-sprite-sheets/Samurai_Commander/CommanderAttack1.anim
  artifactKey: Guid(6d83c27b187285343850eff0ae7941cf) Importer(815301076,1909f56bfc062723c751e8b465ee728b)
Start importing Assets/Sprites/craftpix-net-572945-free-samurai-pixel-art-sprite-sheets/Samurai_Commander/CommanderAttack1.anim using Guid(6d83c27b187285343850eff0ae7941cf) Importer(815301076,1909f56bfc062723c751e8b465ee728b)  -> (artifact id: 'c36a307a6440414e5c65e2e69494ebd3') in 0.001238 seconds
Number of updated asset objects reloaded before import = 0
Number of asset objects unloaded after import = 1
========================================================================
Received Import Request.
  Time since last request: 49.609278 seconds.
  path: Assets/Sprites/craftpix-net-572945-free-samurai-pixel-art-sprite-sheets/Samurai_Archer/Arrow.png
  artifactKey: Guid(9ec97786ad087cf41988e6fe5ba7bed7) Importer(815301076,1909f56bfc062723c751e8b465ee728b)
Start importing Assets/Sprites/craftpix-net-572945-free-samurai-pixel-art-sprite-sheets/Samurai_Archer/Arrow.png using Guid(9ec97786ad087cf41988e6fe5ba7bed7) Importer(815301076,1909f56bfc062723c751e8b465ee728b)  -> (artifact id: '50e4102d29abdd77b83b9886b42d7bad') in 0.013224 seconds
Number of updated asset objects reloaded before import = 0
Number of asset objects unloaded after import = 2
========================================================================
Received Import Request.
  Time since last request: 0.019842 seconds.
  path: Assets/Sprites/craftpix-net-572945-free-samurai-pixel-art-sprite-sheets/Samurai_Archer/Attack_1.png
  artifactKey: Guid(258affd78c4d03b428bd7f14dd129dc4) Importer(815301076,1909f56bfc062723c751e8b465ee728b)
Start importing Assets/Sprites/craftpix-net-572945-free-samurai-pixel-art-sprite-sheets/Samurai_Archer/Attack_1.png using Guid(258affd78c4d03b428bd7f14dd129dc4) Importer(815301076,1909f56bfc062723c751e8b465ee728b)  -> (artifact id: 'bf81c16a20c68b19dea610e1858e9703') in 0.017385 seconds
Number of updated asset objects reloaded before import = 0
Number of asset objects unloaded after import = 2
========================================================================
Received Import Request.
  Time since last request: 0.000021 seconds.
  path: Assets/Sprites/craftpix-net-572945-free-samurai-pixel-art-sprite-sheets/Samurai_Archer/Walk.png
  artifactKey: Guid(656edce9a08180346b446bb179446fe8) Importer(815301076,1909f56bfc062723c751e8b465ee728b)
Start importing Assets/Sprites/craftpix-net-572945-free-samurai-pixel-art-sprite-sheets/Samurai_Archer/Walk.png using Guid(656edce9a08180346b446bb179446fe8) Importer(815301076,1909f56bfc062723c751e8b465ee728b)  -> (artifact id: 'd93ee0b06470632c29eac820ab75e8b5') in 0.018673 seconds
Number of updated asset objects reloaded before import = 0
Number of asset objects unloaded after import = 2
========================================================================
Received Import Request.
  Time since last request: 0.000110 seconds.
  path: Assets/Sprites/craftpix-net-572945-free-samurai-pixel-art-sprite-sheets/Samurai_Archer/Run.png
  artifactKey: Guid(03db1fd0ce1827e458e7976ea7bfbf62) Importer(815301076,1909f56bfc062723c751e8b465ee728b)
Start importing Assets/Sprites/craftpix-net-572945-free-samurai-pixel-art-sprite-sheets/Samurai_Archer/Run.png using Guid(03db1fd0ce1827e458e7976ea7bfbf62) Importer(815301076,1909f56bfc062723c751e8b465ee728b)  -> (artifact id: 'dd8757091ba2c1ee37a78af6a3b940e6') in 0.015017 seconds
Number of updated asset objects reloaded before import = 0
Number of asset objects unloaded after import = 2
========================================================================
Received Import Request.
  Time since last request: 0.000027 seconds.
  path: Assets/Sprites/craftpix-net-572945-free-samurai-pixel-art-sprite-sheets/Samurai_Archer/Hurt.png
  artifactKey: Guid(33ddd79e9f6823a43b731e8c2b9df25e) Importer(815301076,1909f56bfc062723c751e8b465ee728b)
Start importing Assets/Sprites/craftpix-net-572945-free-samurai-pixel-art-sprite-sheets/Samurai_Archer/Hurt.png using Guid(33ddd79e9f6823a43b731e8c2b9df25e) Importer(815301076,1909f56bfc062723c751e8b465ee728b)  -> (artifact id: '5005c8c264bbc76a49613fa92f03ec5f') in 0.019048 seconds
Number of updated asset objects reloaded before import = 0
Number of asset objects unloaded after import = 2
========================================================================
Received Import Request.
  Time since last request: 0.000028 seconds.
  path: Assets/Sprites/craftpix-net-572945-free-samurai-pixel-art-sprite-sheets/Samurai_Archer/Jump.png
  artifactKey: Guid(b6e5a138e67afe64f87c0e44d51a5afc) Importer(815301076,1909f56bfc062723c751e8b465ee728b)
Start importing Assets/Sprites/craftpix-net-572945-free-samurai-pixel-art-sprite-sheets/Samurai_Archer/Jump.png using Guid(b6e5a138e67afe64f87c0e44d51a5afc) Importer(815301076,1909f56bfc062723c751e8b465ee728b)  -> (artifact id: '74545910ba4f146765401a5a580ca703') in 0.018194 seconds
Number of updated asset objects reloaded before import = 0
Number of asset objects unloaded after import = 2
========================================================================
Received Import Request.
  Time since last request: 45.426286 seconds.
  path: Assets/Sprites/craftpix-net-572945-free-samurai-pixel-art-sprite-sheets/Samurai_Archer/Dead.png
  artifactKey: Guid(df9c76bbfdf296b4081c92bc7060d931) Importer(815301076,1909f56bfc062723c751e8b465ee728b)
Start importing Assets/Sprites/craftpix-net-572945-free-samurai-pixel-art-sprite-sheets/Samurai_Archer/Dead.png using Guid(df9c76bbfdf296b4081c92bc7060d931) Importer(815301076,1909f56bfc062723c751e8b465ee728b)  -> (artifact id: '04c10a212cdd389add35c2967a4a6792') in 0.033097 seconds
Number of updated asset objects reloaded before import = 0
Number of asset objects unloaded after import = 7
========================================================================
Received Import Request.
  Time since last request: 32.722625 seconds.
  path: Assets/Sprites/craftpix-net-572945-free-samurai-pixel-art-sprite-sheets/Samurai_Commander/Attack_1.png
  artifactKey: Guid(ad51f7cd6c60a5a4e9162c0fae34cdae) Importer(815301076,1909f56bfc062723c751e8b465ee728b)
Start importing Assets/Sprites/craftpix-net-572945-free-samurai-pixel-art-sprite-sheets/Samurai_Commander/Attack_1.png using Guid(ad51f7cd6c60a5a4e9162c0fae34cdae) Importer(815301076,1909f56bfc062723c751e8b465ee728b)  -> (artifact id: '48c4731130282ed9813e762b2b4d4738') in 0.030750 seconds
Number of updated asset objects reloaded before import = 0
Number of asset objects unloaded after import = 7
========================================================================
Received Import Request.
  Time since last request: 49.460381 seconds.
  path: Assets/Sprites/craftpix-net-572945-free-samurai-pixel-art-sprite-sheets/Samurai_Commander/Attack_1.png
  artifactKey: Guid(ad51f7cd6c60a5a4e9162c0fae34cdae) Importer(815301076,1909f56bfc062723c751e8b465ee728b)
Start importing Assets/Sprites/craftpix-net-572945-free-samurai-pixel-art-sprite-sheets/Samurai_Commander/Attack_1.png using Guid(ad51f7cd6c60a5a4e9162c0fae34cdae) Importer(815301076,1909f56bfc062723c751e8b465ee728b)  -> (artifact id: 'd42cb00288f5418ede0a386028fd64eb') in 0.033690 seconds
Number of updated asset objects reloaded before import = 0
Number of asset objects unloaded after import = 7
========================================================================
Received Import Request.
  Time since last request: 45.224299 seconds.
  path: Assets/Sprites/craftpix-net-572945-free-samurai-pixel-art-sprite-sheets/Samurai_Commander/Attack_2.png
  artifactKey: Guid(2dc643456edbda147908b206782d13ba) Importer(815301076,1909f56bfc062723c751e8b465ee728b)
Start importing Assets/Sprites/craftpix-net-572945-free-samurai-pixel-art-sprite-sheets/Samurai_Commander/Attack_2.png using Guid(2dc643456edbda147908b206782d13ba) Importer(815301076,1909f56bfc062723c751e8b465ee728b)  -> (artifact id: '699f76f97d63fa780824e40009bfa743') in 0.040253 seconds
Number of updated asset objects reloaded before import = 0
Number of asset objects unloaded after import = 8
========================================================================
Received Import Request.
  Time since last request: 25.209179 seconds.
  path: Assets/Sprites/craftpix-net-572945-free-samurai-pixel-art-sprite-sheets/Samurai_Commander/Attack_3.png
  artifactKey: Guid(fc84565515771904395227f731b29cb5) Importer(815301076,1909f56bfc062723c751e8b465ee728b)
Start importing Assets/Sprites/craftpix-net-572945-free-samurai-pixel-art-sprite-sheets/Samurai_Commander/Attack_3.png using Guid(fc84565515771904395227f731b29cb5) Importer(815301076,1909f56bfc062723c751e8b465ee728b)  -> (artifact id: '8fc5683377fbd699fb72753b16d85424') in 0.037912 seconds
Number of updated asset objects reloaded before import = 0
Number of asset objects unloaded after import = 8
========================================================================
Received Import Request.
  Time since last request: 31.783998 seconds.
  path: Assets/Sprites/craftpix-net-572945-free-samurai-pixel-art-sprite-sheets/Samurai_Commander/Jump.png
  artifactKey: Guid(3565b5e08e9331d42853650a45cf5b48) Importer(815301076,1909f56bfc062723c751e8b465ee728b)
Start importing Assets/Sprites/craftpix-net-572945-free-samurai-pixel-art-sprite-sheets/Samurai_Commander/Jump.png using Guid(3565b5e08e9331d42853650a45cf5b48) Importer(815301076,1909f56bfc062723c751e8b465ee728b)  -> (artifact id: '8f726076ef31348623a0ee3a914a1cc9') in 0.037797 seconds
Number of updated asset objects reloaded before import = 0
Number of asset objects unloaded after import = 9
========================================================================
Received Import Request.
  Time since last request: 15.777896 seconds.
  path: Assets/Sprites/craftpix-net-572945-free-samurai-pixel-art-sprite-sheets/Samurai_Commander/Protect.png
  artifactKey: Guid(5348f2f12d214d547af8e7335a4bb297) Importer(815301076,1909f56bfc062723c751e8b465ee728b)
Start importing Assets/Sprites/craftpix-net-572945-free-samurai-pixel-art-sprite-sheets/Samurai_Commander/Protect.png using Guid(5348f2f12d214d547af8e7335a4bb297) Importer(815301076,1909f56bfc062723c751e8b465ee728b)  -> (artifact id: '64bb4a251a4cf13a3541adbf6bdb053f') in 0.025201 seconds
Number of updated asset objects reloaded before import = 0
Number of asset objects unloaded after import = 4
========================================================================
Received Import Request.
  Time since last request: 33.148100 seconds.
  path: Assets/Sprites/craftpix-net-572945-free-samurai-pixel-art-sprite-sheets/Samurai_Commander/Run.png
  artifactKey: Guid(c10aab7b53f89254084bd9f0f61356da) Importer(815301076,1909f56bfc062723c751e8b465ee728b)
Start importing Assets/Sprites/craftpix-net-572945-free-samurai-pixel-art-sprite-sheets/Samurai_Commander/Run.png using Guid(c10aab7b53f89254084bd9f0f61356da) Importer(815301076,1909f56bfc062723c751e8b465ee728b)  -> (artifact id: '0a50f7e6dad957a20d9fbddfab6464d1') in 0.042655 seconds
Number of updated asset objects reloaded before import = 0
Number of asset objects unloaded after import = 10
========================================================================
Received Import Request.
  Time since last request: 51.902458 seconds.
  path: Assets/Sprites/craftpix-net-572945-free-samurai-pixel-art-sprite-sheets/Samurai_Commander/Walk.png
  artifactKey: Guid(8e1cd744302dde24da704dfde351aff0) Importer(815301076,1909f56bfc062723c751e8b465ee728b)
Start importing Assets/Sprites/craftpix-net-572945-free-samurai-pixel-art-sprite-sheets/Samurai_Commander/Walk.png using Guid(8e1cd744302dde24da704dfde351aff0) Importer(815301076,1909f56bfc062723c751e8b465ee728b)  -> (artifact id: '387e0463e832027ee0745d53a8f1cf15') in 0.039909 seconds
Number of updated asset objects reloaded before import = 0
Number of asset objects unloaded after import = 11
========================================================================
Received Import Request.
  Time since last request: 51.750309 seconds.
  path: Assets/Sprites/craftpix-net-572945-free-samurai-pixel-art-sprite-sheets/Samurai_Commander/Attack_1.png
  artifactKey: Guid(ad51f7cd6c60a5a4e9162c0fae34cdae) Importer(815301076,1909f56bfc062723c751e8b465ee728b)
Start importing Assets/Sprites/craftpix-net-572945-free-samurai-pixel-art-sprite-sheets/Samurai_Commander/Attack_1.png using Guid(ad51f7cd6c60a5a4e9162c0fae34cdae) Importer(815301076,1909f56bfc062723c751e8b465ee728b)  -> (artifact id: '358bde3a84ab010b5986bb2d8b822539') in 0.029760 seconds
Number of updated asset objects reloaded before import = 0
Number of asset objects unloaded after import = 6
========================================================================
Received Import Request.
  Time since last request: 27.394104 seconds.
  path: Assets/Sprites/craftpix-net-572945-free-samurai-pixel-art-sprite-sheets/Samurai_Commander/Attack_2.png
  artifactKey: Guid(2dc643456edbda147908b206782d13ba) Importer(815301076,1909f56bfc062723c751e8b465ee728b)
Start importing Assets/Sprites/craftpix-net-572945-free-samurai-pixel-art-sprite-sheets/Samurai_Commander/Attack_2.png using Guid(2dc643456edbda147908b206782d13ba) Importer(815301076,1909f56bfc062723c751e8b465ee728b)  -> (artifact id: 'dcb7883d0d2930d9b01e2837aff0b951') in 0.032565 seconds
Number of updated asset objects reloaded before import = 0
Number of asset objects unloaded after import = 7
========================================================================
Received Import Request.
  Time since last request: 15.666770 seconds.
  path: Assets/Sprites/craftpix-net-572945-free-samurai-pixel-art-sprite-sheets/Samurai_Commander/Attack_3.png
  artifactKey: Guid(fc84565515771904395227f731b29cb5) Importer(815301076,1909f56bfc062723c751e8b465ee728b)
Start importing Assets/Sprites/craftpix-net-572945-free-samurai-pixel-art-sprite-sheets/Samurai_Commander/Attack_3.png using Guid(fc84565515771904395227f731b29cb5) Importer(815301076,1909f56bfc062723c751e8b465ee728b)  -> (artifact id: 'e6725e90840e41ea5294fc86f132f5f7') in 0.029413 seconds
Number of updated asset objects reloaded before import = 0
Number of asset objects unloaded after import = 6
========================================================================
Received Prepare
Begin MonoManager ReloadAssembly
- Loaded All Assemblies, in  0.635 seconds
Refreshing native plugins compatible for Editor in 4.83 ms, found 4 plugins.
Native extension for WindowsStandalone target not found
Native extension for WebGL target not found
[Package Manager] Server::EnsureServerProcessIsRunning -- launch failed, reason: Unity was launched with the -noUpm command-line argument
[Package Manager] UpmClient::Send -- Unable to send message (not connected to UPM process).
[Package Manager] Cannot connect to Unity Package Manager local server
Mono: successfully reloaded assembly
- Finished resetting the current domain, in  2.382 seconds
Domain Reload Profiling: 3013ms
	BeginReloadAssembly (203ms)
		ExecutionOrderSort (0ms)
		DisableScriptedObjects (19ms)
		BackupInstance (0ms)
		ReleaseScriptingObjects (0ms)
		CreateAndSetChildDomain (48ms)
	RebuildCommonClasses (54ms)
	RebuildNativeTypeToScriptingClass (15ms)
	initialDomainReloadingComplete (35ms)
	LoadAllAssembliesAndSetupDomain (325ms)
		LoadAssemblies (408ms)
		RebuildTransferFunctionScriptingTraits (0ms)
		AnalyzeDomain (20ms)
			TypeCache.Refresh (11ms)
				TypeCache.ScanAssembly (0ms)
			ScanForSourceGeneratedMonoScriptInfo (0ms)
			ResolveRequiredComponents (7ms)
	FinalizeReload (2383ms)
		ReleaseScriptCaches (0ms)
		RebuildScriptCaches (0ms)
		SetupLoadedEditorAssemblies (816ms)
			LogAssemblyErrors (0ms)
			InitializePlatformSupportModulesInManaged (16ms)
			SetLoadedEditorAssemblies (8ms)
			RefreshPlugins (0ms)
			BeforeProcessingInitializeOnLoad (161ms)
			ProcessInitializeOnLoadAttributes (555ms)
			ProcessInitializeOnLoadMethodAttributes (68ms)
			AfterProcessingInitializeOnLoad (8ms)
			EditorAssembliesLoaded (1ms)
		ExecutionOrderSort2 (0ms)
		AwakeInstancesAfterBackupRestoration (24ms)
Refreshing native plugins compatible for Editor in 7.47 ms, found 4 plugins.
Preloading 0 native plugins for Editor in 0.00 ms.
Unloading 4000 Unused Serialized files (Serialized files now loaded: 0)
Unloading 41 unused Assets / (217.1 KB). Loaded Objects now: 4565.
Memory consumption went from 139.8 MB to 139.6 MB.
Total: 5.525700 ms (FindLiveObjects: 0.535300 ms CreateObjectMapping: 0.392300 ms MarkObjects: 4.319200 ms  DeleteObjects: 0.276600 ms)

Prepare: number of updated asset objects reloaded= 0
AssetImportParameters requested are different than current active one (requested -> active):
  custom:container-demuxer-ogg: 62fdf1f143b41e24485cea50d1cbac27 -> 
  custom:video-decoder-ogg-theora: a1e56fd34408186e4bbccfd4996cb3dc -> 
  custom:framework-win-MediaFoundation: 216162199b28c13a410421893ffa2e32 -> 
  custom:CustomObjectIndexerAttribute: 756ad292c208cfabdd7b50bc23989ffe -> 
  custom:container-demuxer-webm: 4f35f7cbe854078d1ac9338744f61a02 -> 
  custom:container-muxer-webm: aa71ff27fc2769a1b78a27578f13a17b -> 
  custom:video-decoder-webm-vp8: 9c59270c3fd7afecdb556c50c9e8de78 -> 
  custom:SearchIndexIgnoredProperties: e643bd26f0fe6173181afceb89e7c659 -> 
  custom:AudioImporter_EditorPlatform: d09bf68614088b80899f8185d706f6e7 -> 
  custom:video-encoder-webm-vp8: eb34c28f22e8b96e1ab97ce403110664 -> 
  custom:audio-decoder-ogg-vorbis: bf7c407c2cedff20999df2af8eb42d56 -> 
  custom:audio-encoder-webm-vorbis: bf7c407c2cedff20999df2af8eb42d56 -> 
========================================================================
Received Import Request.
  Time since last request: 1060.006195 seconds.
  path: Assets/Scripts/Enemy.cs
  artifactKey: Guid(da64b6e4fb94cb04baf295cd4704aaa2) Importer(815301076,1909f56bfc062723c751e8b465ee728b)
Start importing Assets/Scripts/Enemy.cs using Guid(da64b6e4fb94cb04baf295cd4704aaa2) Importer(815301076,1909f56bfc062723c751e8b465ee728b)  -> (artifact id: 'd3af797fd219fcf4d3b3fb67540ae8fe') in 0.002572 seconds
Number of updated asset objects reloaded before import = 0
Number of asset objects unloaded after import = 0
========================================================================
Received Import Request.
  Time since last request: 67.024826 seconds.
  path: Assets/Animation/Commander/Idle_0.controller
  artifactKey: Guid(7af2df5a2e2aaad4a8cbd30204140624) Importer(815301076,1909f56bfc062723c751e8b465ee728b)
Start importing Assets/Animation/Commander/Idle_0.controller using Guid(7af2df5a2e2aaad4a8cbd30204140624) Importer(815301076,1909f56bfc062723c751e8b465ee728b)  -> (artifact id: '1af84b32cf8c001357583533630a0317') in 0.028116 seconds
Number of updated asset objects reloaded before import = 0
Number of asset objects unloaded after import = 11
========================================================================
Received Import Request.
  Time since last request: 111.407844 seconds.
  path: Assets/Animation/Commander/CommanderAttack1.anim
  artifactKey: Guid(2643af046b9d8e645a4f0145ee668f81) Importer(815301076,1909f56bfc062723c751e8b465ee728b)
Start importing Assets/Animation/Commander/CommanderAttack1.anim using Guid(2643af046b9d8e645a4f0145ee668f81) Importer(815301076,1909f56bfc062723c751e8b465ee728b)  -> (artifact id: 'ee17e4c5d9b37ad5a9e3b40676dca66b') in 0.004829 seconds
Number of updated asset objects reloaded before import = 0
Number of asset objects unloaded after import = 1
========================================================================
Received Import Request.
  Time since last request: 2.028736 seconds.
  path: Assets/Animation/Commander/CommanderAttack2.anim
  artifactKey: Guid(13d36f9e37ba63949b6f609260e2f7b2) Importer(815301076,1909f56bfc062723c751e8b465ee728b)
Start importing Assets/Animation/Commander/CommanderAttack2.anim using Guid(13d36f9e37ba63949b6f609260e2f7b2) Importer(815301076,1909f56bfc062723c751e8b465ee728b)  -> (artifact id: 'dbe27c02f56613b6aeaa0c94f8dd1f0e') in 0.003455 seconds
Number of updated asset objects reloaded before import = 0
Number of asset objects unloaded after import = 1
========================================================================
Received Import Request.
  Time since last request: 2.230717 seconds.
  path: Assets/Animation/Commander/CommanderAttack3.anim
  artifactKey: Guid(20933d87783deb4478067e7bdc515793) Importer(815301076,1909f56bfc062723c751e8b465ee728b)
Start importing Assets/Animation/Commander/CommanderAttack3.anim using Guid(20933d87783deb4478067e7bdc515793) Importer(815301076,1909f56bfc062723c751e8b465ee728b)  -> (artifact id: 'c07dc7e993a778c7211f2c23072ea2d9') in 0.003741 seconds
Number of updated asset objects reloaded before import = 0
Number of asset objects unloaded after import = 1
========================================================================
Received Import Request.
  Time since last request: 3.047107 seconds.
  path: Assets/Animation/Commander/CommanderJump.anim
  artifactKey: Guid(63602b723d331144a95dfecd109e11bf) Importer(815301076,1909f56bfc062723c751e8b465ee728b)
Start importing Assets/Animation/Commander/CommanderJump.anim using Guid(63602b723d331144a95dfecd109e11bf) Importer(815301076,1909f56bfc062723c751e8b465ee728b)  -> (artifact id: '798303d363a0200e4ef7d11ed28e921b') in 0.001430 seconds
Number of updated asset objects reloaded before import = 0
Number of asset objects unloaded after import = 1
========================================================================
Received Import Request.
  Time since last request: 5.651305 seconds.
  path: Assets/Animation/Commander/CommanderProtect.anim
  artifactKey: Guid(97bbc7c0fbc7f774bb419e557c998cf1) Importer(815301076,1909f56bfc062723c751e8b465ee728b)
Start importing Assets/Animation/Commander/CommanderProtect.anim using Guid(97bbc7c0fbc7f774bb419e557c998cf1) Importer(815301076,1909f56bfc062723c751e8b465ee728b)  -> (artifact id: '852d0eff784c60f1de449888d3586832') in 0.003257 seconds
Number of updated asset objects reloaded before import = 0
Number of asset objects unloaded after import = 1
========================================================================
Received Import Request.
  Time since last request: 2.583426 seconds.
  path: Assets/Animation/Commander/CommanderRun.anim
  artifactKey: Guid(7c015e7370f7e594fbcaf4e862dc3af6) Importer(815301076,1909f56bfc062723c751e8b465ee728b)
Start importing Assets/Animation/Commander/CommanderRun.anim using Guid(7c015e7370f7e594fbcaf4e862dc3af6) Importer(815301076,1909f56bfc062723c751e8b465ee728b)  -> (artifact id: 'c9e741564c243c40cc3df2f95515f276') in 0.003795 seconds
Number of updated asset objects reloaded before import = 0
Number of asset objects unloaded after import = 1
========================================================================
Received Prepare
Begin MonoManager ReloadAssembly
- Loaded All Assemblies, in  3.289 seconds
Refreshing native plugins compatible for Editor in 10.47 ms, found 4 plugins.
Native extension for WindowsStandalone target not found
Native extension for WebGL target not found
[Package Manager] Server::EnsureServerProcessIsRunning -- launch failed, reason: Unity was launched with the -noUpm command-line argument
[Package Manager] UpmClient::Send -- Unable to send message (not connected to UPM process).
[Package Manager] Cannot connect to Unity Package Manager local server
Mono: successfully reloaded assembly
- Finished resetting the current domain, in  2.855 seconds
Domain Reload Profiling: 6145ms
	BeginReloadAssembly (990ms)
		ExecutionOrderSort (0ms)
		DisableScriptedObjects (176ms)
		BackupInstance (0ms)
		ReleaseScriptingObjects (2ms)
		CreateAndSetChildDomain (350ms)
	RebuildCommonClasses (86ms)
	RebuildNativeTypeToScriptingClass (28ms)
	initialDomainReloadingComplete (99ms)
	LoadAllAssembliesAndSetupDomain (2086ms)
		LoadAssemblies (2258ms)
		RebuildTransferFunctionScriptingTraits (0ms)
		AnalyzeDomain (154ms)
			TypeCache.Refresh (48ms)
				TypeCache.ScanAssembly (2ms)
			ScanForSourceGeneratedMonoScriptInfo (39ms)
			ResolveRequiredComponents (63ms)
	FinalizeReload (2856ms)
		ReleaseScriptCaches (0ms)
		RebuildScriptCaches (0ms)
		SetupLoadedEditorAssemblies (866ms)
			LogAssemblyErrors (0ms)
			InitializePlatformSupportModulesInManaged (12ms)
			SetLoadedEditorAssemblies (9ms)
			RefreshPlugins (0ms)
			BeforeProcessingInitializeOnLoad (157ms)
			ProcessInitializeOnLoadAttributes (609ms)
			ProcessInitializeOnLoadMethodAttributes (70ms)
			AfterProcessingInitializeOnLoad (9ms)
			EditorAssembliesLoaded (0ms)
		ExecutionOrderSort2 (0ms)
		AwakeInstancesAfterBackupRestoration (32ms)
Refreshing native plugins compatible for Editor in 12.58 ms, found 4 plugins.
Preloading 0 native plugins for Editor in 0.00 ms.
Unloading 4000 Unused Serialized files (Serialized files now loaded: 0)
Unloading 41 unused Assets / (217.1 KB). Loaded Objects now: 4569.
Memory consumption went from 139.8 MB to 139.6 MB.
Total: 19.493800 ms (FindLiveObjects: 0.677500 ms CreateObjectMapping: 0.255800 ms MarkObjects: 18.248900 ms  DeleteObjects: 0.308600 ms)

Prepare: number of updated asset objects reloaded= 0
AssetImportParameters requested are different than current active one (requested -> active):
  custom:container-demuxer-ogg: 62fdf1f143b41e24485cea50d1cbac27 -> 
  custom:video-decoder-ogg-theora: a1e56fd34408186e4bbccfd4996cb3dc -> 
  custom:framework-win-MediaFoundation: 216162199b28c13a410421893ffa2e32 -> 
  custom:CustomObjectIndexerAttribute: 756ad292c208cfabdd7b50bc23989ffe -> 
  custom:container-demuxer-webm: 4f35f7cbe854078d1ac9338744f61a02 -> 
  custom:container-muxer-webm: aa71ff27fc2769a1b78a27578f13a17b -> 
  custom:video-decoder-webm-vp8: 9c59270c3fd7afecdb556c50c9e8de78 -> 
  custom:SearchIndexIgnoredProperties: e643bd26f0fe6173181afceb89e7c659 -> 
  custom:AudioImporter_EditorPlatform: d09bf68614088b80899f8185d706f6e7 -> 
  custom:video-encoder-webm-vp8: eb34c28f22e8b96e1ab97ce403110664 -> 
  custom:audio-decoder-ogg-vorbis: bf7c407c2cedff20999df2af8eb42d56 -> 
  custom:audio-encoder-webm-vorbis: bf7c407c2cedff20999df2af8eb42d56 -> 
